<?xml version="1.0" encoding="UTF-8"?>
<testng-results ignored="0" total="1" passed="1" failed="0" skipped="0">
  <reporter-output>
  </reporter-output>
  <suite started-at="2026-05-20T09:44:52 IST" name="Surefire suite" finished-at="2026-05-20T09:45:00 IST" duration-ms="8073">
    <groups>
    </groups>
    <test started-at="2026-05-20T09:44:52 IST" name="Surefire test" finished-at="2026-05-20T09:45:00 IST" duration-ms="8073">
      <class name="test1.DemoTest">
        <test-method signature="f()[pri:0, instance:test1.DemoTest@29ba4338]" started-at="2026-05-20T09:44:52 IST" name="f" finished-at="2026-05-20T09:45:00 IST" duration-ms="8041" status="PASS">
          <reporter-output>
          </reporter-output>
        </test-method> <!-- f -->
      </class> <!-- test1.DemoTest -->
    </test> <!-- Surefire test -->
  </suite> <!-- Surefire suite -->
</testng-results>
